Processing Chunk(1): 100000 seqs ...
Processing Chunk(2): 200000 seqs ...
Processing Chunk(3): 300000 seqs ...
Processing Chunk(4): 400000 seqs ...
Processing Chunk(5): 500000 seqs ...
Processing Chunk(6): 600000 seqs ...
Processing Chunk(7): 700000 seqs ...
Processing Chunk(8): 800000 seqs ...
Processing Chunk(9): 900000 seqs ...
Processing Chunk(10): 1000000 seqs ...
Processing Chunk(11): 1100000 seqs ...
Processing Chunk(12): 1200000 seqs ...
Processing Chunk(13): 1300000 seqs ...
Processing Chunk(14): 1400000 seqs ...
Processing Chunk(15): 1500000 seqs ...
Processing Chunk(16): 1600000 seqs ...
Processing Chunk(17): 1700000 seqs ...
Processing Chunk(18): 1800000 seqs ...
Processing Chunk(19): 1900000 seqs ...
Processing Chunk(20): 2000000 seqs ...
Processing Chunk(21): 2100000 seqs ...
Processing Chunk(22): 2200000 seqs ...
Processing Chunk(23): 2300000 seqs ...
Processing Chunk(24): 2400000 seqs ...
Processing Chunk(25): 2500000 seqs ...
Processing Chunk(26): 2600000 seqs ...
Processing Chunk(27): 2700000 seqs ...
Processing Chunk(28): 2800000 seqs ...
Processing Chunk(29): 2900000 seqs ...
Processing Chunk(30): 3000000 seqs ...
Processing Chunk(31): 3100000 seqs ...
Processing Chunk(32): 3200000 seqs ...
Processing Chunk(33): 3300000 seqs ...
Processing Chunk(34): 3400000 seqs ...
Processing Chunk(35): 3500000 seqs ...
Processing Chunk(36): 3600000 seqs ...
Processing Chunk(37): 3700000 seqs ...
Processing Chunk(38): 3800000 seqs ...
Processing Chunk(39): 3900000 seqs ...
Processing Chunk(40): 4000000 seqs ...
Processing Chunk(41): 4100000 seqs ...
Processing Chunk(42): 4200000 seqs ...
Processing Chunk(43): 4300000 seqs ...
Processing Chunk(44): 4400000 seqs ...
Processing Chunk(45): 4500000 seqs ...
Processing Chunk(46): 4600000 seqs ...
Processing Chunk(47): 4700000 seqs ...
Processing Chunk(48): 4800000 seqs ...
Processing Chunk(49): 4900000 seqs ...
Processing Chunk(50): 5000000 seqs ...
Processing Chunk(51): 5100000 seqs ...
Processing Chunk(52): 5200000 seqs ...
Processing Chunk(53): 5300000 seqs ...
Processing Chunk(54): 5400000 seqs ...
Processing Chunk(55): 5500000 seqs ...
Processing Chunk(56): 5600000 seqs ...
Processing Chunk(57): 5700000 seqs ...
Processing Chunk(58): 5800000 seqs ...
Processing Chunk(59): 5900000 seqs ...
Processing Chunk(60): 6000000 seqs ...
Processing Chunk(61): 6100000 seqs ...
Processing Chunk(62): 6200000 seqs ...
Processing Chunk(63): 6300000 seqs ...
Processing Chunk(64): 6400000 seqs ...
Processing Chunk(65): 6500000 seqs ...
Processing Chunk(66): 6600000 seqs ...
Processing Chunk(67): 6700000 seqs ...
Processing Chunk(68): 6800000 seqs ...
Processing Chunk(69): 6900000 seqs ...
Processing Chunk(70): 7000000 seqs ...
Processing Chunk(71): 7100000 seqs ...
Processing Chunk(72): 7200000 seqs ...
Processing Chunk(73): 7300000 seqs ...
Processing Chunk(74): 7400000 seqs ...
Processing Chunk(75): 7500000 seqs ...
Processing Chunk(76): 7600000 seqs ...
Processing Chunk(77): 7700000 seqs ...
Processing Chunk(78): 7800000 seqs ...
Processing Chunk(79): 7900000 seqs ...
Processing Chunk(80): 8000000 seqs ...
Processing Chunk(81): 8100000 seqs ...
Processing Chunk(82): 8200000 seqs ...
Processing Chunk(83): 8300000 seqs ...
Processing Chunk(84): 8400000 seqs ...
Processing Chunk(85): 8500000 seqs ...
Processing Chunk(86): 8600000 seqs ...
Processing Chunk(87): 8700000 seqs ...
Processing Chunk(88): 8800000 seqs ...
Processing Chunk(89): 8900000 seqs ...
Processing Chunk(90): 9000000 seqs ...
Processing Chunk(91): 9100000 seqs ...
Processing Chunk(92): 9200000 seqs ...
Indexing ...
saving cKF ...

Indexing time : 0:02:36.713594
Saving time: 0:02:46.953482
Number of kmers: 172670656

	Command being timed: "python scripts/collectiveComps_indexing.py data/cDBG_SRR11015356_k31.unitigs.fa"
	User time (seconds): 152.38
	System time (seconds): 10.02
	Percent of CPU this job got: 97%
	Elapsed (wall clock) time (h:mm:ss or m:ss): 2:47.38
	Average shared text size (kbytes): 0
	Average unshared data size (kbytes): 0
	Average stack size (kbytes): 0
	Average total size (kbytes): 0
	Maximum resident set size (kbytes): 8998912
	Average resident set size (kbytes): 0
	Major (requiring I/O) page faults: 0
	Minor (reclaiming a frame) page faults: 3066048
	Voluntary context switches: 57947
	Involuntary context switches: 5194
	Swaps: 0
	File system inputs: 1359528
	File system outputs: 8913504
	Socket messages sent: 0
	Socket messages received: 0
	Signals delivered: 0
	Page size (bytes): 4096
	Exit status: 0
